<?xml version="1.0" encoding="UTF-8"?>
<!-- Generated by org.testng.reporters.JUnitReportReporter -->
<testsuite hostname="Chhavi-Lenevo-PC" failures="0" tests="1" name="script.DemoTest" time="7.335" errors="0" timestamp="2024-07-25T13:52:50 IST" skipped="0">
  <testcase classname="script.DemoTest" name="testDemo" time="7.335">
    <system-out>
      <![CDATA[Rowcount:1
Data:Akshara
test demo...]]>
    </system-out>
  </testcase> <!-- testDemo -->
  <system-out>
    <![CDATA[Execute in Grid : no
Browse ischrome
Set ITO:10
Enter the URL:http://www.fb.com
Maximize the browser:
Set ETO:9
Rowcount:1
Data:Akshara
test demo...
Close the browser
Execute in Grid : no
Browse ischrome
Set ITO:10
Enter the URL:http://www.fb.com
Maximize the browser:
Execute in Grid : no
Browse ischrome
Set ITO:10
Enter the URL:http://www.fb.com
Maximize the browser:]]>
  </system-out>
</testsuite> <!-- script.DemoTest -->
