<?xml version="1.0" encoding="UTF-8"?>
<!-- Generated by org.testng.reporters.JUnitReportReporter -->
<testsuite hostname="Chhavi-Lenevo-PC" failures="0" tests="1" name="script.InvalidLogin" time="10.404" errors="0" timestamp="2024-07-29T13:34:33 IST" skipped="0">
  <testcase classname="script.InvalidLogin" name="testInvalidLogin" time="10.404"/>
  <system-out>
    <![CDATA[Execute in Grid : no
Browse ischrome
Set ITO:7
Enter the URL:https://opensource-demo.orangehrmlive.com
Maximize the browser:
Set ETO:6
Close the browser]]>
  </system-out>
</testsuite> <!-- script.InvalidLogin -->
